name: train
run_id: install_deps
env COMSPEC: C:\WINDOWS\system32\cmd.exe
env NUMBER_OF_PROCESSORS: 16
env PATHEXT: .COM;.EXE;.BAT;.CMD;.VBS;.VBE;.JS;.JSE;.WSF;.WSH;.MSC;.CPL
env PROCESSOR_ARCHITECTURE: AMD64
env PROGRAMDATA: C:\ProgramData
env PROGRAMFILES: C:\Program Files
env PROGRAMFILES(X86): C:\Program Files (x86)
env SYSTEMDRIVE: C:
env SYSTEMROOT: C:\WINDOWS
env TEMP: C:\Users\Atharva\AppData\Local\Temp
env TMP: C:\Users\Atharva\AppData\Local\Temp
env USERPROFILE: C:\Users\Atharva
env LANG: en_US.UTF-8
env PATH: C:\Users\Atharva\Desktop\Atharva\Machine_Learning\ML_Ops\section-05-production-model-package\.tox\test_package\Scripts;C:\Windows\system32;C:\Windows;C:\Windows\System32\Wbem;C:\Windows\System32\WindowsPowerShell\v1.0\;C:\Windows\System32\OpenSSH\;C:\Program Files (x86)\NVIDIA Corporation\PhysX\Common;C:\Program Files\NVIDIA Corporation\NVIDIA NvDLISR;C:\WINDOWS\system32;C:\WINDOWS;C:\WINDOWS\System32\Wbem;C:\WINDOWS\System32\WindowsPowerShell\v1.0\;C:\WINDOWS\System32\OpenSSH\;C:\Program Files\Docker\Docker\resources\bin;C:\ProgramData\DockerDesktop\version-bin;C:\Program Files\Git\cmd;C:\Users\Atharva\AppData\Local\Programs\Python\Python39\Scripts\;C:\Users\Atharva\AppData\Local\Programs\Python\Python39\;C:\Users\Atharva\AppData\Local\Microsoft\WindowsApps;;C:\Users\Atharva\AppData\Local\Programs\Microsoft VS Code\bin
env PIP_DISABLE_PIP_VERSION_CHECK: 1
env PYTHONIOENCODING: utf-8
env PYTHONPATH: .
env PYTHONHASHSEED: 0
env TOX_ENV_NAME: train
env TOX_WORK_DIR: C:\Users\Atharva\Desktop\Atharva\Machine_Learning\ML_Ops\section-05-production-model-package\.tox
env TOX_ENV_DIR: C:\Users\Atharva\Desktop\Atharva\Machine_Learning\ML_Ops\section-05-production-model-package\.tox\test_package
env VIRTUAL_ENV: C:\Users\Atharva\Desktop\Atharva\Machine_Learning\ML_Ops\section-05-production-model-package\.tox\test_package
env COLUMNS: 165
env LINES: 13
metadata pid: 3336
cwd: C:\Users\Atharva\Desktop\Atharva\Machine_Learning\ML_Ops\section-05-production-model-package
allow: C:\Users\Atharva\Desktop\Atharva\Machine_Learning\ML_Ops\section-05-production-model-package\.tox\test_package\Scripts\*
cmd: pip install -r C:\Users\Atharva\Desktop\Atharva\Machine_Learning\ML_Ops\section-05-production-model-package/requirements/test_requirements.txt
exit_code: 0
Collecting numpy<2.0.0,>=1.21.0
  Downloading numpy-1.24.2-cp39-cp39-win_amd64.whl (14.9 MB)
     ---------------------------------------- 14.9/14.9 MB 28.5 MB/s eta 0:00:00
Collecting pandas<2.0.0,>=1.3.5
  Using cached pandas-1.5.3-cp39-cp39-win_amd64.whl (10.9 MB)
Collecting pydantic<2.0.0,>=1.8.1
  Using cached pydantic-1.10.5-cp39-cp39-win_amd64.whl (2.2 MB)
Collecting scikit-learn<2.0.0,>=1.1.3
  Using cached scikit_learn-1.2.1-cp39-cp39-win_amd64.whl (8.4 MB)
Collecting strictyaml<2.0.0,>=1.3.2
  Using cached strictyaml-1.6.2.tar.gz (130 kB)
  Preparing metadata (setup.py): started
  Preparing metadata (setup.py): finished with status 'done'
Collecting ruamel.yaml<1.0.0,>=0.16.12
  Using cached ruamel.yaml-0.17.21-py3-none-any.whl (109 kB)
Collecting feature-engine<2.0.0,>=1.0.2
  Using cached feature_engine-1.5.2-py2.py3-none-any.whl (290 kB)
Collecting joblib<2.0.0,>=1.0.1
  Using cached joblib-1.2.0-py3-none-any.whl (297 kB)
Collecting pytest<8.0.0,>=7.2.0
  Using cached pytest-7.2.1-py3-none-any.whl (317 kB)
Collecting python-dateutil>=2.8.1
  Using cached python_dateutil-2.8.2-py2.py3-none-any.whl (247 kB)
Collecting pytz>=2020.1
  Using cached pytz-2022.7.1-py2.py3-none-any.whl (499 kB)
Collecting typing-extensions>=4.2.0
  Downloading typing_extensions-4.5.0-py3-none-any.whl (27 kB)
Collecting scipy>=1.3.2
  Using cached scipy-1.10.0-cp39-cp39-win_amd64.whl (42.5 MB)
Collecting threadpoolctl>=2.0.0
  Using cached threadpoolctl-3.1.0-py3-none-any.whl (14 kB)
Collecting ruamel.yaml.clib>=0.2.6
  Using cached ruamel.yaml.clib-0.2.7-cp39-cp39-win_amd64.whl (118 kB)
Collecting statsmodels>=0.11.1
  Using cached statsmodels-0.13.5-cp39-cp39-win_amd64.whl (9.2 MB)
Collecting tomli>=1.0.0
  Using cached tomli-2.0.1-py3-none-any.whl (12 kB)
Collecting colorama
  Using cached colorama-0.4.6-py2.py3-none-any.whl (25 kB)
Collecting attrs>=19.2.0
  Using cached attrs-22.2.0-py3-none-any.whl (60 kB)
Collecting iniconfig
  Using cached iniconfig-2.0.0-py3-none-any.whl (5.9 kB)
Collecting exceptiongroup>=1.0.0rc8
  Using cached exceptiongroup-1.1.0-py3-none-any.whl (14 kB)
Collecting packaging
  Using cached packaging-23.0-py3-none-any.whl (42 kB)
Collecting pluggy<2.0,>=0.12
  Using cached pluggy-1.0.0-py2.py3-none-any.whl (13 kB)
Collecting six>=1.5
  Using cached six-1.16.0-py2.py3-none-any.whl (11 kB)
Collecting patsy>=0.5.2
  Using cached patsy-0.5.3-py2.py3-none-any.whl (233 kB)
Building wheels for collected packages: strictyaml
  Building wheel for strictyaml (setup.py): started
  Building wheel for strictyaml (setup.py): finished with status 'done'
  Created wheel for strictyaml: filename=strictyaml-1.6.2-py3-none-any.whl size=123964 sha256=0a85d4364474012f3819a965183e95f5e8e77d57108386d275d1d8481db3684f
  Stored in directory: c:\users\atharva\appdata\local\pip\cache\wheels\88\3e\de\bfda05fafd7e1501510bae75e84d3fe849e9c1ea3f4d56b6ed
Successfully built strictyaml
Installing collected packages: pytz, typing-extensions, tomli, threadpoolctl, six, ruamel.yaml.clib, pluggy, packaging, numpy, joblib, iniconfig, exceptiongroup, colorama, attrs, scipy, ruamel.yaml, python-dateutil, pytest, pydantic, patsy, strictyaml, scikit-learn, pandas, statsmodels, feature-engine
Successfully installed attrs-22.2.0 colorama-0.4.6 exceptiongroup-1.1.0 feature-engine-1.5.2 iniconfig-2.0.0 joblib-1.2.0 numpy-1.24.2 packaging-23.0 pandas-1.5.3 patsy-0.5.3 pluggy-1.0.0 pydantic-1.10.5 pytest-7.2.1 python-dateutil-2.8.2 pytz-2022.7.1 ruamel.yaml-0.17.21 ruamel.yaml.clib-0.2.7 scikit-learn-1.2.1 scipy-1.10.0 six-1.16.0 statsmodels-0.13.5 strictyaml-1.6.2 threadpoolctl-3.1.0 tomli-2.0.1 typing-extensions-4.5.0
