name: train
run_id: commands[0]
env COMSPEC: C:\WINDOWS\system32\cmd.exe
env NUMBER_OF_PROCESSORS: 16
env PATHEXT: .COM;.EXE;.BAT;.CMD;.VBS;.VBE;.JS;.JSE;.WSF;.WSH;.MSC;.CPL
env PROCESSOR_ARCHITECTURE: AMD64
env PROGRAMDATA: C:\ProgramData
env PROGRAMFILES: C:\Program Files
env PROGRAMFILES(X86): C:\Program Files (x86)
env SYSTEMDRIVE: C:
env SYSTEMROOT: C:\WINDOWS
env TEMP: C:\Users\Atharva\AppData\Local\Temp
env TMP: C:\Users\Atharva\AppData\Local\Temp
env USERPROFILE: C:\Users\Atharva
env LANG: en_US.UTF-8
env PATH: C:\Users\Atharva\Desktop\Atharva\Machine_Learning\ML_Ops\section-05-production-model-package\.tox\test_package\Scripts;C:\Windows\system32;C:\Windows;C:\Windows\System32\Wbem;C:\Windows\System32\WindowsPowerShell\v1.0\;C:\Windows\System32\OpenSSH\;C:\Program Files (x86)\NVIDIA Corporation\PhysX\Common;C:\Program Files\NVIDIA Corporation\NVIDIA NvDLISR;C:\WINDOWS\system32;C:\WINDOWS;C:\WINDOWS\System32\Wbem;C:\WINDOWS\System32\WindowsPowerShell\v1.0\;C:\WINDOWS\System32\OpenSSH\;C:\Program Files\Docker\Docker\resources\bin;C:\ProgramData\DockerDesktop\version-bin;C:\Program Files\Git\cmd;C:\Users\Atharva\AppData\Local\Programs\Python\Python39\Scripts\;C:\Users\Atharva\AppData\Local\Programs\Python\Python39\;C:\Users\Atharva\AppData\Local\Microsoft\WindowsApps;;C:\Users\Atharva\AppData\Local\Programs\Microsoft VS Code\bin
env PIP_DISABLE_PIP_VERSION_CHECK: 1
env PYTHONIOENCODING: utf-8
env PYTHONPATH: .
env PYTHONHASHSEED: 0
env TOX_ENV_NAME: train
env TOX_WORK_DIR: C:\Users\Atharva\Desktop\Atharva\Machine_Learning\ML_Ops\section-05-production-model-package\.tox
env TOX_ENV_DIR: C:\Users\Atharva\Desktop\Atharva\Machine_Learning\ML_Ops\section-05-production-model-package\.tox\test_package
env VIRTUAL_ENV: C:\Users\Atharva\Desktop\Atharva\Machine_Learning\ML_Ops\section-05-production-model-package\.tox\test_package
env COLUMNS: 165
env LINES: 13
metadata pid: 26692
cwd: C:\Users\Atharva\Desktop\Atharva\Machine_Learning\ML_Ops\section-05-production-model-package
allow: C:\Users\Atharva\Desktop\Atharva\Machine_Learning\ML_Ops\section-05-production-model-package\.tox\test_package\Scripts\*
cmd: python regression_model/train_pipeline.py
exit_code: 0
